2021-03-07 04:58:06.647  INFO 17140 --- [main] cb.example.ExampleApplication            : Starting ExampleApplication using Java 14.0.1 on S2ENB390 with PID 17140 (C:\Users\VincenzoMazzotta\git\example\target\classes started by VincenzoMazzotta in C:\Users\VincenzoMazzotta\git\example)
2021-03-07 04:58:06.657  INFO 17140 --- [main] cb.example.ExampleApplication            : No active profile set, falling back to default profiles: default
2021-03-07 04:58:08.342  INFO 17140 --- [main] faultConfiguringBeanFactoryPostProcessor : No bean named 'errorChannel' has been explicitly defined. Therefore, a default PublishSubscribeChannel will be created.
2021-03-07 04:58:08.356  INFO 17140 --- [main] faultConfiguringBeanFactoryPostProcessor : No bean named 'integrationHeaderChannelRegistry' has been explicitly defined. Therefore, a default DefaultHeaderChannelRegistry will be created.
2021-03-07 04:58:08.521  INFO 17140 --- [main] trationDelegate$BeanPostProcessorChecker : Bean 'org.springframework.integration.config.IntegrationManagementConfiguration' of type [org.springframework.integration.config.IntegrationManagementConfiguration] is not eligible for getting processed by all BeanPostProcessors (for example: not eligible for auto-proxying)
2021-03-07 04:58:08.536  INFO 17140 --- [main] trationDelegate$BeanPostProcessorChecker : Bean 'integrationChannelResolver' of type [org.springframework.integration.support.channel.BeanFactoryChannelResolver] is not eligible for getting processed by all BeanPostProcessors (for example: not eligible for auto-proxying)
2021-03-07 04:58:08.540  INFO 17140 --- [main] trationDelegate$BeanPostProcessorChecker : Bean 'integrationDisposableAutoCreatedBeans' of type [org.springframework.integration.config.annotation.Disposables] is not eligible for getting processed by all BeanPostProcessors (for example: not eligible for auto-proxying)
2021-03-07 04:58:09.086  INFO 17140 --- [main] o.s.b.w.embedded.tomcat.TomcatWebServer  : Tomcat initialized with port(s): 8080 (http)
2021-03-07 04:58:09.112  INFO 17140 --- [main] o.apache.catalina.core.StandardService   : Starting service [Tomcat]
2021-03-07 04:58:09.114  INFO 17140 --- [main] org.apache.catalina.core.StandardEngine  : Starting Servlet engine: [Apache Tomcat/9.0.43]
2021-03-07 04:58:09.284  INFO 17140 --- [main] o.a.c.c.C.[Tomcat].[localhost].[/]       : Initializing Spring embedded WebApplicationContext
2021-03-07 04:58:09.284  INFO 17140 --- [main] w.s.c.ServletWebServerApplicationContext : Root WebApplicationContext: initialization completed in 2536 ms
2021-03-07 04:58:10.885 ERROR 17140 --- [main] cb.example.controller.RestCountries      : Exception calling superset data external service: Type definition error: [simple type, class cb.example.model.Country]; nested exception is com.fasterxml.jackson.databind.exc.InvalidDefinitionException: Cannot construct instance of `cb.example.model.Country` (no Creators, like default constructor, exist): cannot deserialize from Object value (no delegate- or property-based Creator)
 at [Source: (PushbackInputStream); line: 1, column: 3] (through reference chain: java.util.ArrayList[0])
2021-03-07 04:58:11.182  INFO 17140 --- [main] o.s.s.concurrent.ThreadPoolTaskExecutor  : Initializing ExecutorService 'applicationTaskExecutor'
2021-03-07 04:58:11.501  INFO 17140 --- [main] o.s.s.c.ThreadPoolTaskScheduler          : Initializing ExecutorService 'taskScheduler'
2021-03-07 04:58:11.637  INFO 17140 --- [main] .s.s.UserDetailsServiceAutoConfiguration : 

Using generated security password: c1664eff-c980-4e7d-a9b4-702a779d0862

2021-03-07 04:58:11.876  INFO 17140 --- [main] o.s.s.web.DefaultSecurityFilterChain     : Will secure any request with [org.springframework.security.web.context.request.async.WebAsyncManagerIntegrationFilter@13004dd8, org.springframework.security.web.context.SecurityContextPersistenceFilter@32e5af53, org.springframework.security.web.header.HeaderWriterFilter@2bfc2f8b, org.springframework.security.web.csrf.CsrfFilter@6d31f106, org.springframework.security.web.authentication.logout.LogoutFilter@6fb22ae3, org.springframework.security.web.authentication.UsernamePasswordAuthenticationFilter@539316bb, org.springframework.security.web.authentication.ui.DefaultLoginPageGeneratingFilter@6bd92538, org.springframework.security.web.authentication.ui.DefaultLogoutPageGeneratingFilter@4fc6e776, org.springframework.security.web.authentication.www.BasicAuthenticationFilter@21516c88, org.springframework.security.web.savedrequest.RequestCacheAwareFilter@5980fa73, org.springframework.security.web.servletapi.SecurityContextHolderAwareRequestFilter@1ae924f1, org.springframework.security.web.authentication.AnonymousAuthenticationFilter@65d9e72a, org.springframework.security.web.session.SessionManagementFilter@61853c7e, org.springframework.security.web.access.ExceptionTranslationFilter@38de5daf, org.springframework.security.web.access.intercept.FilterSecurityInterceptor@3e0a9b1d]
2021-03-07 04:58:12.150  INFO 17140 --- [main] o.s.i.endpoint.EventDrivenConsumer       : Adding {logging-channel-adapter:_org.springframework.integration.errorLogger} as a subscriber to the 'errorChannel' channel
2021-03-07 04:58:12.151  INFO 17140 --- [main] o.s.i.channel.PublishSubscribeChannel    : Channel 'application.errorChannel' has 1 subscriber(s).
2021-03-07 04:58:12.151  INFO 17140 --- [main] o.s.i.endpoint.EventDrivenConsumer       : started bean '_org.springframework.integration.errorLogger'
2021-03-07 04:58:12.207  INFO 17140 --- [main] o.s.b.w.embedded.tomcat.TomcatWebServer  : Tomcat started on port(s): 8080 (http) with context path ''
2021-03-07 04:58:12.231  INFO 17140 --- [main] cb.example.ExampleApplication            : Started ExampleApplication in 6.34 seconds (JVM running for 10.79)
2021-03-07 05:00:08.466  INFO 18820 --- [main] cb.example.ExampleApplication            : Starting ExampleApplication using Java 14.0.1 on S2ENB390 with PID 18820 (C:\Users\VincenzoMazzotta\git\example\target\classes started by VincenzoMazzotta in C:\Users\VincenzoMazzotta\git\example)
2021-03-07 05:00:08.471  INFO 18820 --- [main] cb.example.ExampleApplication            : No active profile set, falling back to default profiles: default
2021-03-07 05:00:10.129  INFO 18820 --- [main] faultConfiguringBeanFactoryPostProcessor : No bean named 'errorChannel' has been explicitly defined. Therefore, a default PublishSubscribeChannel will be created.
2021-03-07 05:00:10.144  INFO 18820 --- [main] faultConfiguringBeanFactoryPostProcessor : No bean named 'integrationHeaderChannelRegistry' has been explicitly defined. Therefore, a default DefaultHeaderChannelRegistry will be created.
2021-03-07 05:00:10.292  INFO 18820 --- [main] trationDelegate$BeanPostProcessorChecker : Bean 'org.springframework.integration.config.IntegrationManagementConfiguration' of type [org.springframework.integration.config.IntegrationManagementConfiguration] is not eligible for getting processed by all BeanPostProcessors (for example: not eligible for auto-proxying)
2021-03-07 05:00:10.305  INFO 18820 --- [main] trationDelegate$BeanPostProcessorChecker : Bean 'integrationChannelResolver' of type [org.springframework.integration.support.channel.BeanFactoryChannelResolver] is not eligible for getting processed by all BeanPostProcessors (for example: not eligible for auto-proxying)
2021-03-07 05:00:10.306  INFO 18820 --- [main] trationDelegate$BeanPostProcessorChecker : Bean 'integrationDisposableAutoCreatedBeans' of type [org.springframework.integration.config.annotation.Disposables] is not eligible for getting processed by all BeanPostProcessors (for example: not eligible for auto-proxying)
2021-03-07 05:00:10.690  INFO 18820 --- [main] o.s.b.w.embedded.tomcat.TomcatWebServer  : Tomcat initialized with port(s): 8080 (http)
2021-03-07 05:00:10.711  INFO 18820 --- [main] o.apache.catalina.core.StandardService   : Starting service [Tomcat]
2021-03-07 05:00:10.711  INFO 18820 --- [main] org.apache.catalina.core.StandardEngine  : Starting Servlet engine: [Apache Tomcat/9.0.43]
2021-03-07 05:00:10.834  INFO 18820 --- [main] o.a.c.c.C.[Tomcat].[localhost].[/]       : Initializing Spring embedded WebApplicationContext
2021-03-07 05:00:10.834  INFO 18820 --- [main] w.s.c.ServletWebServerApplicationContext : Root WebApplicationContext: initialization completed in 2266 ms
2021-03-07 05:00:12.572 ERROR 18820 --- [main] cb.example.controller.RestCountries      : Exception calling superset data external service: Type definition error: [simple type, class cb.example.model.Country]; nested exception is com.fasterxml.jackson.databind.exc.InvalidDefinitionException: Cannot construct instance of `cb.example.model.Country` (no Creators, like default constructor, exist): cannot deserialize from Object value (no delegate- or property-based Creator)
 at [Source: (PushbackInputStream); line: 1, column: 3] (through reference chain: java.util.ArrayList[0])
2021-03-07 05:00:12.802  INFO 18820 --- [main] o.s.s.concurrent.ThreadPoolTaskExecutor  : Initializing ExecutorService 'applicationTaskExecutor'
2021-03-07 05:00:13.054  INFO 18820 --- [main] o.s.s.c.ThreadPoolTaskScheduler          : Initializing ExecutorService 'taskScheduler'
2021-03-07 05:00:13.142  INFO 18820 --- [main] .s.s.UserDetailsServiceAutoConfiguration : 

Using generated security password: 7ca95f9c-c2f3-426b-a37c-93a3942d81dd

2021-03-07 05:00:13.303  INFO 18820 --- [main] o.s.s.web.DefaultSecurityFilterChain     : Will secure any request with [org.springframework.security.web.context.request.async.WebAsyncManagerIntegrationFilter@240a2619, org.springframework.security.web.context.SecurityContextPersistenceFilter@112c2930, org.springframework.security.web.header.HeaderWriterFilter@d6b532f, org.springframework.security.web.csrf.CsrfFilter@1f949ab9, org.springframework.security.web.authentication.logout.LogoutFilter@1e734eee, org.springframework.security.web.authentication.UsernamePasswordAuthenticationFilter@1cba0321, org.springframework.security.web.authentication.ui.DefaultLoginPageGeneratingFilter@1e191150, org.springframework.security.web.authentication.ui.DefaultLogoutPageGeneratingFilter@4e3283f6, org.springframework.security.web.authentication.www.BasicAuthenticationFilter@52f9e8bb, org.springframework.security.web.savedrequest.RequestCacheAwareFilter@7f426ddd, org.springframework.security.web.servletapi.SecurityContextHolderAwareRequestFilter@733534f9, org.springframework.security.web.authentication.AnonymousAuthenticationFilter@539316bb, org.springframework.security.web.session.SessionManagementFilter@2f4d01b6, org.springframework.security.web.access.ExceptionTranslationFilter@587f4f63, org.springframework.security.web.access.intercept.FilterSecurityInterceptor@5c53c235]
2021-03-07 05:00:13.536  INFO 18820 --- [main] o.s.i.endpoint.EventDrivenConsumer       : Adding {logging-channel-adapter:_org.springframework.integration.errorLogger} as a subscriber to the 'errorChannel' channel
2021-03-07 05:00:13.537  INFO 18820 --- [main] o.s.i.channel.PublishSubscribeChannel    : Channel 'application.errorChannel' has 1 subscriber(s).
2021-03-07 05:00:13.538  INFO 18820 --- [main] o.s.i.endpoint.EventDrivenConsumer       : started bean '_org.springframework.integration.errorLogger'
2021-03-07 05:00:13.590  INFO 18820 --- [main] o.s.b.w.embedded.tomcat.TomcatWebServer  : Tomcat started on port(s): 8080 (http) with context path ''
2021-03-07 05:00:13.612  INFO 18820 --- [main] cb.example.ExampleApplication            : Started ExampleApplication in 6.209 seconds (JVM running for 8.383)
2021-03-07 05:01:05.563  INFO 18820 --- [http-nio-8080-exec-1] o.a.c.c.C.[Tomcat].[localhost].[/]       : Initializing Spring DispatcherServlet 'dispatcherServlet'
2021-03-07 05:06:23.151  INFO 18768 --- [main] cb.example.ExampleApplication            : Starting ExampleApplication using Java 14.0.1 on S2ENB390 with PID 18768 (C:\Users\VincenzoMazzotta\git\example\target\classes started by VincenzoMazzotta in C:\Users\VincenzoMazzotta\git\example)
2021-03-07 05:06:23.155  INFO 18768 --- [main] cb.example.ExampleApplication            : No active profile set, falling back to default profiles: default
2021-03-07 05:06:25.154  INFO 18768 --- [main] faultConfiguringBeanFactoryPostProcessor : No bean named 'errorChannel' has been explicitly defined. Therefore, a default PublishSubscribeChannel will be created.
2021-03-07 05:06:25.181  INFO 18768 --- [main] faultConfiguringBeanFactoryPostProcessor : No bean named 'integrationHeaderChannelRegistry' has been explicitly defined. Therefore, a default DefaultHeaderChannelRegistry will be created.
2021-03-07 05:06:25.367  INFO 18768 --- [main] trationDelegate$BeanPostProcessorChecker : Bean 'org.springframework.integration.config.IntegrationManagementConfiguration' of type [org.springframework.integration.config.IntegrationManagementConfiguration] is not eligible for getting processed by all BeanPostProcessors (for example: not eligible for auto-proxying)
2021-03-07 05:06:25.387  INFO 18768 --- [main] trationDelegate$BeanPostProcessorChecker : Bean 'integrationChannelResolver' of type [org.springframework.integration.support.channel.BeanFactoryChannelResolver] is not eligible for getting processed by all BeanPostProcessors (for example: not eligible for auto-proxying)
2021-03-07 05:06:25.388  INFO 18768 --- [main] trationDelegate$BeanPostProcessorChecker : Bean 'integrationDisposableAutoCreatedBeans' of type [org.springframework.integration.config.annotation.Disposables] is not eligible for getting processed by all BeanPostProcessors (for example: not eligible for auto-proxying)
2021-03-07 05:06:25.694  INFO 18768 --- [main] o.s.b.w.embedded.tomcat.TomcatWebServer  : Tomcat initialized with port(s): 8080 (http)
2021-03-07 05:06:25.712  INFO 18768 --- [main] o.apache.catalina.core.StandardService   : Starting service [Tomcat]
2021-03-07 05:06:25.712  INFO 18768 --- [main] org.apache.catalina.core.StandardEngine  : Starting Servlet engine: [Apache Tomcat/9.0.43]
2021-03-07 05:06:25.850  INFO 18768 --- [main] o.a.c.c.C.[Tomcat].[localhost].[/]       : Initializing Spring embedded WebApplicationContext
2021-03-07 05:06:25.850  INFO 18768 --- [main] w.s.c.ServletWebServerApplicationContext : Root WebApplicationContext: initialization completed in 2594 ms
2021-03-07 05:06:26.704 ERROR 18768 --- [main] cb.example.controller.RestCountries      : Exception calling superset data external service: Type definition error: [simple type, class cb.example.model.Country]; nested exception is com.fasterxml.jackson.databind.exc.InvalidDefinitionException: Cannot construct instance of `cb.example.model.Country` (no Creators, like default constructor, exist): cannot deserialize from Object value (no delegate- or property-based Creator)
 at [Source: (PushbackInputStream); line: 1, column: 3] (through reference chain: java.util.ArrayList[0])
2021-03-07 05:06:26.961  INFO 18768 --- [main] o.s.s.concurrent.ThreadPoolTaskExecutor  : Initializing ExecutorService 'applicationTaskExecutor'
2021-03-07 05:06:27.150  INFO 18768 --- [main] o.s.s.c.ThreadPoolTaskScheduler          : Initializing ExecutorService 'taskScheduler'
2021-03-07 05:06:27.313  INFO 18768 --- [main] o.s.s.web.DefaultSecurityFilterChain     : Will secure any request with [org.springframework.security.web.context.request.async.WebAsyncManagerIntegrationFilter@1a8e9ed9, org.springframework.security.web.context.SecurityContextPersistenceFilter@19ae2ee5, org.springframework.security.web.header.HeaderWriterFilter@3830f918, org.springframework.security.web.authentication.logout.LogoutFilter@fb5aeed, org.springframework.security.web.authentication.www.BasicAuthenticationFilter@45d56062, org.springframework.security.web.savedrequest.RequestCacheAwareFilter@34c53688, org.springframework.security.web.servletapi.SecurityContextHolderAwareRequestFilter@11f23203, org.springframework.security.web.authentication.AnonymousAuthenticationFilter@68ea253b, org.springframework.security.web.session.SessionManagementFilter@5e1a5f, org.springframework.security.web.access.ExceptionTranslationFilter@6bcae9, org.springframework.security.web.access.intercept.FilterSecurityInterceptor@6070775e]
2021-03-07 05:06:27.481  INFO 18768 --- [main] o.s.i.endpoint.EventDrivenConsumer       : Adding {logging-channel-adapter:_org.springframework.integration.errorLogger} as a subscriber to the 'errorChannel' channel
2021-03-07 05:06:27.482  INFO 18768 --- [main] o.s.i.channel.PublishSubscribeChannel    : Channel 'application.errorChannel' has 1 subscriber(s).
2021-03-07 05:06:27.482  INFO 18768 --- [main] o.s.i.endpoint.EventDrivenConsumer       : started bean '_org.springframework.integration.errorLogger'
2021-03-07 05:06:27.516  INFO 18768 --- [main] o.s.b.w.embedded.tomcat.TomcatWebServer  : Tomcat started on port(s): 8080 (http) with context path ''
2021-03-07 05:06:27.545  INFO 18768 --- [main] cb.example.ExampleApplication            : Started ExampleApplication in 5.287 seconds (JVM running for 7.339)
2021-03-07 05:06:34.938  INFO 18768 --- [http-nio-8080-exec-1] o.a.c.c.C.[Tomcat].[localhost].[/]       : Initializing Spring DispatcherServlet 'dispatcherServlet'
2021-03-07 05:08:59.700  INFO 13400 --- [main] cb.example.ExampleApplication            : Starting ExampleApplication using Java 14.0.1 on S2ENB390 with PID 13400 (C:\Users\VincenzoMazzotta\git\example\target\classes started by VincenzoMazzotta in C:\Users\VincenzoMazzotta\git\example)
2021-03-07 05:08:59.710  INFO 13400 --- [main] cb.example.ExampleApplication            : No active profile set, falling back to default profiles: default
2021-03-07 05:09:01.841  INFO 13400 --- [main] faultConfiguringBeanFactoryPostProcessor : No bean named 'errorChannel' has been explicitly defined. Therefore, a default PublishSubscribeChannel will be created.
2021-03-07 05:09:01.856  INFO 13400 --- [main] faultConfiguringBeanFactoryPostProcessor : No bean named 'integrationHeaderChannelRegistry' has been explicitly defined. Therefore, a default DefaultHeaderChannelRegistry will be created.
2021-03-07 05:09:02.017  INFO 13400 --- [main] trationDelegate$BeanPostProcessorChecker : Bean 'org.springframework.integration.config.IntegrationManagementConfiguration' of type [org.springframework.integration.config.IntegrationManagementConfiguration] is not eligible for getting processed by all BeanPostProcessors (for example: not eligible for auto-proxying)
2021-03-07 05:09:02.036  INFO 13400 --- [main] trationDelegate$BeanPostProcessorChecker : Bean 'integrationChannelResolver' of type [org.springframework.integration.support.channel.BeanFactoryChannelResolver] is not eligible for getting processed by all BeanPostProcessors (for example: not eligible for auto-proxying)
2021-03-07 05:09:02.038  INFO 13400 --- [main] trationDelegate$BeanPostProcessorChecker : Bean 'integrationDisposableAutoCreatedBeans' of type [org.springframework.integration.config.annotation.Disposables] is not eligible for getting processed by all BeanPostProcessors (for example: not eligible for auto-proxying)
2021-03-07 05:09:02.548  INFO 13400 --- [main] o.s.b.w.embedded.tomcat.TomcatWebServer  : Tomcat initialized with port(s): 8080 (http)
2021-03-07 05:09:02.567  INFO 13400 --- [main] o.apache.catalina.core.StandardService   : Starting service [Tomcat]
2021-03-07 05:09:02.568  INFO 13400 --- [main] org.apache.catalina.core.StandardEngine  : Starting Servlet engine: [Apache Tomcat/9.0.43]
2021-03-07 05:09:02.721  INFO 13400 --- [main] o.a.c.c.C.[Tomcat].[localhost].[/]       : Initializing Spring embedded WebApplicationContext
2021-03-07 05:09:02.721  INFO 13400 --- [main] w.s.c.ServletWebServerApplicationContext : Root WebApplicationContext: initialization completed in 2881 ms
2021-03-07 05:09:03.756 ERROR 13400 --- [main] cb.example.controller.RestCountries      : Exception calling superset data external service: Type definition error: [simple type, class cb.example.model.Country]; nested exception is com.fasterxml.jackson.databind.exc.InvalidDefinitionException: Cannot construct instance of `cb.example.model.Country` (no Creators, like default constructor, exist): cannot deserialize from Object value (no delegate- or property-based Creator)
 at [Source: (PushbackInputStream); line: 1, column: 3] (through reference chain: java.util.ArrayList[0])
2021-03-07 05:09:20.326  INFO 13400 --- [main] o.s.s.concurrent.ThreadPoolTaskExecutor  : Initializing ExecutorService 'applicationTaskExecutor'
2021-03-07 05:09:20.543  INFO 13400 --- [main] o.s.s.c.ThreadPoolTaskScheduler          : Initializing ExecutorService 'taskScheduler'
2021-03-07 05:09:23.165  INFO 13400 --- [main] o.s.s.web.DefaultSecurityFilterChain     : Will secure any request with [org.springframework.security.web.context.request.async.WebAsyncManagerIntegrationFilter@743bb39a, org.springframework.security.web.context.SecurityContextPersistenceFilter@1fc0d9b4, org.springframework.security.web.header.HeaderWriterFilter@2b9aeedb, org.springframework.security.web.authentication.logout.LogoutFilter@7f1f60a0, org.springframework.security.web.authentication.www.BasicAuthenticationFilter@44ccd75c, org.springframework.security.web.savedrequest.RequestCacheAwareFilter@4e4f4092, org.springframework.security.web.servletapi.SecurityContextHolderAwareRequestFilter@7c2b6acb, org.springframework.security.web.authentication.AnonymousAuthenticationFilter@2de3b052, org.springframework.security.web.session.SessionManagementFilter@3b96f8b0, org.springframework.security.web.access.ExceptionTranslationFilter@5a85b4e6, org.springframework.security.web.access.intercept.FilterSecurityInterceptor@52d96367]
2021-03-07 05:09:23.398  INFO 13400 --- [main] o.s.i.endpoint.EventDrivenConsumer       : Adding {logging-channel-adapter:_org.springframework.integration.errorLogger} as a subscriber to the 'errorChannel' channel
2021-03-07 05:09:23.399  INFO 13400 --- [main] o.s.i.channel.PublishSubscribeChannel    : Channel 'application.errorChannel' has 1 subscriber(s).
2021-03-07 05:09:23.399  INFO 13400 --- [main] o.s.i.endpoint.EventDrivenConsumer       : started bean '_org.springframework.integration.errorLogger'
2021-03-07 05:09:23.437  INFO 13400 --- [main] o.s.b.w.embedded.tomcat.TomcatWebServer  : Tomcat started on port(s): 8080 (http) with context path ''
2021-03-07 05:09:23.459  INFO 13400 --- [main] cb.example.ExampleApplication            : Started ExampleApplication in 25.014 seconds (JVM running for 27.676)
2021-03-07 05:09:42.207  INFO 13400 --- [http-nio-8080-exec-1] o.a.c.c.C.[Tomcat].[localhost].[/]       : Initializing Spring DispatcherServlet 'dispatcherServlet'
2021-03-07 05:12:56.002  INFO 7212 --- [main] cb.example.ExampleApplication            : Starting ExampleApplication using Java 14.0.1 on S2ENB390 with PID 7212 (C:\Users\VincenzoMazzotta\git\example\target\classes started by VincenzoMazzotta in C:\Users\VincenzoMazzotta\git\example)
2021-03-07 05:12:56.021  INFO 7212 --- [main] cb.example.ExampleApplication            : No active profile set, falling back to default profiles: default
2021-03-07 05:12:58.097  INFO 7212 --- [main] faultConfiguringBeanFactoryPostProcessor : No bean named 'errorChannel' has been explicitly defined. Therefore, a default PublishSubscribeChannel will be created.
2021-03-07 05:12:58.111  INFO 7212 --- [main] faultConfiguringBeanFactoryPostProcessor : No bean named 'integrationHeaderChannelRegistry' has been explicitly defined. Therefore, a default DefaultHeaderChannelRegistry will be created.
2021-03-07 05:12:58.287  INFO 7212 --- [main] trationDelegate$BeanPostProcessorChecker : Bean 'org.springframework.integration.config.IntegrationManagementConfiguration' of type [org.springframework.integration.config.IntegrationManagementConfiguration] is not eligible for getting processed by all BeanPostProcessors (for example: not eligible for auto-proxying)
2021-03-07 05:12:58.301  INFO 7212 --- [main] trationDelegate$BeanPostProcessorChecker : Bean 'integrationChannelResolver' of type [org.springframework.integration.support.channel.BeanFactoryChannelResolver] is not eligible for getting processed by all BeanPostProcessors (for example: not eligible for auto-proxying)
2021-03-07 05:12:58.302  INFO 7212 --- [main] trationDelegate$BeanPostProcessorChecker : Bean 'integrationDisposableAutoCreatedBeans' of type [org.springframework.integration.config.annotation.Disposables] is not eligible for getting processed by all BeanPostProcessors (for example: not eligible for auto-proxying)
2021-03-07 05:12:58.730  INFO 7212 --- [main] o.s.b.w.embedded.tomcat.TomcatWebServer  : Tomcat initialized with port(s): 8080 (http)
2021-03-07 05:12:58.742  INFO 7212 --- [main] o.apache.catalina.core.StandardService   : Starting service [Tomcat]
2021-03-07 05:12:58.742  INFO 7212 --- [main] org.apache.catalina.core.StandardEngine  : Starting Servlet engine: [Apache Tomcat/9.0.43]
2021-03-07 05:12:58.874  INFO 7212 --- [main] o.a.c.c.C.[Tomcat].[localhost].[/]       : Initializing Spring embedded WebApplicationContext
2021-03-07 05:12:58.874  INFO 7212 --- [main] w.s.c.ServletWebServerApplicationContext : Root WebApplicationContext: initialization completed in 2743 ms
2021-03-07 05:13:26.154 ERROR 7212 --- [main] cb.example.controller.RestCountries      : Exception calling superset data external service: Type definition error: [simple type, class cb.example.model.Country]; nested exception is com.fasterxml.jackson.databind.exc.InvalidDefinitionException: Cannot construct instance of `cb.example.model.Country` (no Creators, like default constructor, exist): cannot deserialize from Object value (no delegate- or property-based Creator)
 at [Source: (PushbackInputStream); line: 1, column: 3] (through reference chain: java.util.ArrayList[0])
2021-03-07 05:13:30.476  INFO 7212 --- [main] o.s.s.concurrent.ThreadPoolTaskExecutor  : Initializing ExecutorService 'applicationTaskExecutor'
2021-03-07 05:13:30.693  INFO 7212 --- [main] o.s.s.c.ThreadPoolTaskScheduler          : Initializing ExecutorService 'taskScheduler'
2021-03-07 05:13:41.101  INFO 7212 --- [main] o.s.s.web.DefaultSecurityFilterChain     : Will secure any request with [org.springframework.security.web.context.request.async.WebAsyncManagerIntegrationFilter@1ffd0114, org.springframework.security.web.context.SecurityContextPersistenceFilter@781c2497, org.springframework.security.web.header.HeaderWriterFilter@796c68bf, org.springframework.security.web.authentication.logout.LogoutFilter@4eeb14e0, org.springframework.security.web.authentication.www.BasicAuthenticationFilter@16bbaab3, org.springframework.security.web.savedrequest.RequestCacheAwareFilter@70c491b8, org.springframework.security.web.servletapi.SecurityContextHolderAwareRequestFilter@3c28181b, org.springframework.security.web.authentication.AnonymousAuthenticationFilter@b3857e2, org.springframework.security.web.session.SessionManagementFilter@5dfc2a4, org.springframework.security.web.access.ExceptionTranslationFilter@59a09be, org.springframework.security.web.access.intercept.FilterSecurityInterceptor@77ccded4]
2021-03-07 05:13:43.017  INFO 7212 --- [main] o.s.i.endpoint.EventDrivenConsumer       : Adding {logging-channel-adapter:_org.springframework.integration.errorLogger} as a subscriber to the 'errorChannel' channel
2021-03-07 05:13:43.018  INFO 7212 --- [main] o.s.i.channel.PublishSubscribeChannel    : Channel 'application.errorChannel' has 1 subscriber(s).
2021-03-07 05:13:43.019  INFO 7212 --- [main] o.s.i.endpoint.EventDrivenConsumer       : started bean '_org.springframework.integration.errorLogger'
2021-03-07 05:13:43.062  INFO 7212 --- [main] o.s.b.w.embedded.tomcat.TomcatWebServer  : Tomcat started on port(s): 8080 (http) with context path ''
2021-03-07 05:13:43.085  INFO 7212 --- [main] cb.example.ExampleApplication            : Started ExampleApplication in 48.284 seconds (JVM running for 50.574)
2021-03-07 05:16:25.337  INFO 19164 --- [main] cb.example.ExampleApplication            : Starting ExampleApplication using Java 14.0.1 on S2ENB390 with PID 19164 (C:\Users\VincenzoMazzotta\git\example\target\classes started by VincenzoMazzotta in C:\Users\VincenzoMazzotta\git\example)
2021-03-07 05:16:25.345  INFO 19164 --- [main] cb.example.ExampleApplication            : No active profile set, falling back to default profiles: default
2021-03-07 05:16:27.068  INFO 19164 --- [main] faultConfiguringBeanFactoryPostProcessor : No bean named 'errorChannel' has been explicitly defined. Therefore, a default PublishSubscribeChannel will be created.
2021-03-07 05:16:27.101  INFO 19164 --- [main] faultConfiguringBeanFactoryPostProcessor : No bean named 'integrationHeaderChannelRegistry' has been explicitly defined. Therefore, a default DefaultHeaderChannelRegistry will be created.
2021-03-07 05:16:27.234  INFO 19164 --- [main] trationDelegate$BeanPostProcessorChecker : Bean 'org.springframework.integration.config.IntegrationManagementConfiguration' of type [org.springframework.integration.config.IntegrationManagementConfiguration] is not eligible for getting processed by all BeanPostProcessors (for example: not eligible for auto-proxying)
2021-03-07 05:16:27.244  INFO 19164 --- [main] trationDelegate$BeanPostProcessorChecker : Bean 'integrationChannelResolver' of type [org.springframework.integration.support.channel.BeanFactoryChannelResolver] is not eligible for getting processed by all BeanPostProcessors (for example: not eligible for auto-proxying)
2021-03-07 05:16:27.245  INFO 19164 --- [main] trationDelegate$BeanPostProcessorChecker : Bean 'integrationDisposableAutoCreatedBeans' of type [org.springframework.integration.config.annotation.Disposables] is not eligible for getting processed by all BeanPostProcessors (for example: not eligible for auto-proxying)
2021-03-07 05:16:27.623  INFO 19164 --- [main] o.s.b.w.embedded.tomcat.TomcatWebServer  : Tomcat initialized with port(s): 8080 (http)
2021-03-07 05:16:27.633  INFO 19164 --- [main] o.apache.catalina.core.StandardService   : Starting service [Tomcat]
2021-03-07 05:16:27.634  INFO 19164 --- [main] org.apache.catalina.core.StandardEngine  : Starting Servlet engine: [Apache Tomcat/9.0.43]
2021-03-07 05:16:27.772  INFO 19164 --- [main] o.a.c.c.C.[Tomcat].[localhost].[/]       : Initializing Spring embedded WebApplicationContext
2021-03-07 05:16:27.772  INFO 19164 --- [main] w.s.c.ServletWebServerApplicationContext : Root WebApplicationContext: initialization completed in 2303 ms
2021-03-07 05:17:53.780  INFO 19164 --- [main] o.s.s.concurrent.ThreadPoolTaskExecutor  : Initializing ExecutorService 'applicationTaskExecutor'
2021-03-07 05:17:54.029  INFO 19164 --- [main] o.s.s.c.ThreadPoolTaskScheduler          : Initializing ExecutorService 'taskScheduler'
2021-03-07 05:17:55.184  INFO 19164 --- [main] o.s.s.web.DefaultSecurityFilterChain     : Will secure any request with [org.springframework.security.web.context.request.async.WebAsyncManagerIntegrationFilter@25de8898, org.springframework.security.web.context.SecurityContextPersistenceFilter@653a5967, org.springframework.security.web.header.HeaderWriterFilter@ad0bb4e, org.springframework.security.web.authentication.logout.LogoutFilter@28367da7, org.springframework.security.web.authentication.www.BasicAuthenticationFilter@2b458cd6, org.springframework.security.web.savedrequest.RequestCacheAwareFilter@766b6d02, org.springframework.security.web.servletapi.SecurityContextHolderAwareRequestFilter@796c68bf, org.springframework.security.web.authentication.AnonymousAuthenticationFilter@bfb93cf, org.springframework.security.web.session.SessionManagementFilter@11c7a0b4, org.springframework.security.web.access.ExceptionTranslationFilter@5cf0673d, org.springframework.security.web.access.intercept.FilterSecurityInterceptor@69eb544f]
2021-03-07 05:17:55.408  INFO 19164 --- [main] o.s.i.endpoint.EventDrivenConsumer       : Adding {logging-channel-adapter:_org.springframework.integration.errorLogger} as a subscriber to the 'errorChannel' channel
2021-03-07 05:17:55.409  INFO 19164 --- [main] o.s.i.channel.PublishSubscribeChannel    : Channel 'application.errorChannel' has 1 subscriber(s).
2021-03-07 05:17:55.410  INFO 19164 --- [main] o.s.i.endpoint.EventDrivenConsumer       : started bean '_org.springframework.integration.errorLogger'
2021-03-07 05:17:55.480  INFO 19164 --- [main] o.s.b.w.embedded.tomcat.TomcatWebServer  : Tomcat started on port(s): 8080 (http) with context path ''
2021-03-07 05:17:55.517  INFO 19164 --- [main] cb.example.ExampleApplication            : Started ExampleApplication in 91.35 seconds (JVM running for 93.464)
2021-03-07 05:18:32.493  INFO 19164 --- [http-nio-8080-exec-1] o.a.c.c.C.[Tomcat].[localhost].[/]       : Initializing Spring DispatcherServlet 'dispatcherServlet'
2021-03-07 05:27:22.998  INFO 10256 --- [main] cb.example.ExampleApplication            : Starting ExampleApplication using Java 14.0.1 on S2ENB390 with PID 10256 (C:\Users\VincenzoMazzotta\git\example\target\classes started by VincenzoMazzotta in C:\Users\VincenzoMazzotta\git\example)
2021-03-07 05:27:23.006  INFO 10256 --- [main] cb.example.ExampleApplication            : No active profile set, falling back to default profiles: default
2021-03-07 05:27:24.617  INFO 10256 --- [main] faultConfiguringBeanFactoryPostProcessor : No bean named 'errorChannel' has been explicitly defined. Therefore, a default PublishSubscribeChannel will be created.
2021-03-07 05:27:24.629  INFO 10256 --- [main] faultConfiguringBeanFactoryPostProcessor : No bean named 'integrationHeaderChannelRegistry' has been explicitly defined. Therefore, a default DefaultHeaderChannelRegistry will be created.
2021-03-07 05:27:24.769  INFO 10256 --- [main] trationDelegate$BeanPostProcessorChecker : Bean 'org.springframework.integration.config.IntegrationManagementConfiguration' of type [org.springframework.integration.config.IntegrationManagementConfiguration] is not eligible for getting processed by all BeanPostProcessors (for example: not eligible for auto-proxying)
2021-03-07 05:27:24.787  INFO 10256 --- [main] trationDelegate$BeanPostProcessorChecker : Bean 'integrationChannelResolver' of type [org.springframework.integration.support.channel.BeanFactoryChannelResolver] is not eligible for getting processed by all BeanPostProcessors (for example: not eligible for auto-proxying)
2021-03-07 05:27:24.788  INFO 10256 --- [main] trationDelegate$BeanPostProcessorChecker : Bean 'integrationDisposableAutoCreatedBeans' of type [org.springframework.integration.config.annotation.Disposables] is not eligible for getting processed by all BeanPostProcessors (for example: not eligible for auto-proxying)
2021-03-07 05:27:25.169  INFO 10256 --- [main] o.s.b.w.embedded.tomcat.TomcatWebServer  : Tomcat initialized with port(s): 8080 (http)
2021-03-07 05:27:25.186  INFO 10256 --- [main] o.apache.catalina.core.StandardService   : Starting service [Tomcat]
2021-03-07 05:27:25.187  INFO 10256 --- [main] org.apache.catalina.core.StandardEngine  : Starting Servlet engine: [Apache Tomcat/9.0.43]
2021-03-07 05:27:25.310  INFO 10256 --- [main] o.a.c.c.C.[Tomcat].[localhost].[/]       : Initializing Spring embedded WebApplicationContext
2021-03-07 05:27:25.311  INFO 10256 --- [main] w.s.c.ServletWebServerApplicationContext : Root WebApplicationContext: initialization completed in 2200 ms
2021-03-07 05:27:33.986  INFO 10256 --- [main] o.s.s.concurrent.ThreadPoolTaskExecutor  : Initializing ExecutorService 'applicationTaskExecutor'
2021-03-07 05:27:34.232  INFO 10256 --- [main] o.s.s.c.ThreadPoolTaskScheduler          : Initializing ExecutorService 'taskScheduler'
2021-03-07 05:27:35.807  INFO 10256 --- [main] o.s.s.web.DefaultSecurityFilterChain     : Will secure any request with [org.springframework.security.web.context.request.async.WebAsyncManagerIntegrationFilter@25ae1f80, org.springframework.security.web.context.SecurityContextPersistenceFilter@117b2cc6, org.springframework.security.web.header.HeaderWriterFilter@3120495d, org.springframework.security.web.authentication.logout.LogoutFilter@4c063cb9, org.springframework.security.web.authentication.www.BasicAuthenticationFilter@57e4b86c, org.springframework.security.web.savedrequest.RequestCacheAwareFilter@49038f97, org.springframework.security.web.servletapi.SecurityContextHolderAwareRequestFilter@7f1f60a0, org.springframework.security.web.authentication.AnonymousAuthenticationFilter@54f2df29, org.springframework.security.web.session.SessionManagementFilter@73aaec54, org.springframework.security.web.access.ExceptionTranslationFilter@4e4f4092, org.springframework.security.web.access.intercept.FilterSecurityInterceptor@743bb39a]
2021-03-07 05:27:36.059  INFO 10256 --- [main] o.s.i.endpoint.EventDrivenConsumer       : Adding {logging-channel-adapter:_org.springframework.integration.errorLogger} as a subscriber to the 'errorChannel' channel
2021-03-07 05:27:36.061  INFO 10256 --- [main] o.s.i.channel.PublishSubscribeChannel    : Channel 'application.errorChannel' has 1 subscriber(s).
2021-03-07 05:27:36.061  INFO 10256 --- [main] o.s.i.endpoint.EventDrivenConsumer       : started bean '_org.springframework.integration.errorLogger'
2021-03-07 05:27:36.102  INFO 10256 --- [main] o.s.b.w.embedded.tomcat.TomcatWebServer  : Tomcat started on port(s): 8080 (http) with context path ''
2021-03-07 05:27:36.125  INFO 10256 --- [main] cb.example.ExampleApplication            : Started ExampleApplication in 14.279 seconds (JVM running for 16.354)
2021-03-07 05:27:45.446  INFO 10256 --- [http-nio-8080-exec-1] o.a.c.c.C.[Tomcat].[localhost].[/]       : Initializing Spring DispatcherServlet 'dispatcherServlet'
2021-03-07 05:31:57.094  INFO 16212 --- [main] cb.example.ExampleApplication            : Starting ExampleApplication using Java 14.0.1 on S2ENB390 with PID 16212 (C:\Users\VincenzoMazzotta\git\example\target\classes started by VincenzoMazzotta in C:\Users\VincenzoMazzotta\git\example)
2021-03-07 05:31:57.134  INFO 16212 --- [main] cb.example.ExampleApplication            : No active profile set, falling back to default profiles: default
2021-03-07 05:31:59.251  INFO 16212 --- [main] faultConfiguringBeanFactoryPostProcessor : No bean named 'errorChannel' has been explicitly defined. Therefore, a default PublishSubscribeChannel will be created.
2021-03-07 05:31:59.306  INFO 16212 --- [main] faultConfiguringBeanFactoryPostProcessor : No bean named 'integrationHeaderChannelRegistry' has been explicitly defined. Therefore, a default DefaultHeaderChannelRegistry will be created.
2021-03-07 05:31:59.542  INFO 16212 --- [main] trationDelegate$BeanPostProcessorChecker : Bean 'org.springframework.integration.config.IntegrationManagementConfiguration' of type [org.springframework.integration.config.IntegrationManagementConfiguration] is not eligible for getting processed by all BeanPostProcessors (for example: not eligible for auto-proxying)
2021-03-07 05:31:59.567  INFO 16212 --- [main] trationDelegate$BeanPostProcessorChecker : Bean 'integrationChannelResolver' of type [org.springframework.integration.support.channel.BeanFactoryChannelResolver] is not eligible for getting processed by all BeanPostProcessors (for example: not eligible for auto-proxying)
2021-03-07 05:31:59.568  INFO 16212 --- [main] trationDelegate$BeanPostProcessorChecker : Bean 'integrationDisposableAutoCreatedBeans' of type [org.springframework.integration.config.annotation.Disposables] is not eligible for getting processed by all BeanPostProcessors (for example: not eligible for auto-proxying)
2021-03-07 05:31:59.997  INFO 16212 --- [main] o.s.b.w.embedded.tomcat.TomcatWebServer  : Tomcat initialized with port(s): 8080 (http)
2021-03-07 05:32:00.009  INFO 16212 --- [main] o.apache.catalina.core.StandardService   : Starting service [Tomcat]
2021-03-07 05:32:00.009  INFO 16212 --- [main] org.apache.catalina.core.StandardEngine  : Starting Servlet engine: [Apache Tomcat/9.0.43]
2021-03-07 05:32:00.239  INFO 16212 --- [main] o.a.c.c.C.[Tomcat].[localhost].[/]       : Initializing Spring embedded WebApplicationContext
2021-03-07 05:32:00.239  INFO 16212 --- [main] w.s.c.ServletWebServerApplicationContext : Root WebApplicationContext: initialization completed in 2939 ms
2021-03-07 05:32:09.579  INFO 16212 --- [main] o.s.s.concurrent.ThreadPoolTaskExecutor  : Initializing ExecutorService 'applicationTaskExecutor'
2021-03-07 05:32:09.862  INFO 16212 --- [main] o.s.s.c.ThreadPoolTaskScheduler          : Initializing ExecutorService 'taskScheduler'
2021-03-07 05:32:10.677  INFO 16212 --- [main] o.s.s.web.DefaultSecurityFilterChain     : Will secure any request with [org.springframework.security.web.context.request.async.WebAsyncManagerIntegrationFilter@aca2fc3, org.springframework.security.web.context.SecurityContextPersistenceFilter@9729a97, org.springframework.security.web.header.HeaderWriterFilter@2120bed, org.springframework.security.web.authentication.logout.LogoutFilter@510da778, org.springframework.security.web.authentication.www.BasicAuthenticationFilter@3d0352, org.springframework.security.web.savedrequest.RequestCacheAwareFilter@36463b09, org.springframework.security.web.servletapi.SecurityContextHolderAwareRequestFilter@305552d6, org.springframework.security.web.authentication.AnonymousAuthenticationFilter@36df4c26, org.springframework.security.web.session.SessionManagementFilter@99c4993, org.springframework.security.web.access.ExceptionTranslationFilter@22b82ddf, org.springframework.security.web.access.intercept.FilterSecurityInterceptor@892af0e]
2021-03-07 05:32:10.911  INFO 16212 --- [main] o.s.i.endpoint.EventDrivenConsumer       : Adding {logging-channel-adapter:_org.springframework.integration.errorLogger} as a subscriber to the 'errorChannel' channel
2021-03-07 05:32:10.912  INFO 16212 --- [main] o.s.i.channel.PublishSubscribeChannel    : Channel 'application.errorChannel' has 1 subscriber(s).
2021-03-07 05:32:10.913  INFO 16212 --- [main] o.s.i.endpoint.EventDrivenConsumer       : started bean '_org.springframework.integration.errorLogger'
2021-03-07 05:32:10.960  INFO 16212 --- [main] o.s.b.w.embedded.tomcat.TomcatWebServer  : Tomcat started on port(s): 8080 (http) with context path ''
2021-03-07 05:32:10.975  INFO 16212 --- [main] cb.example.ExampleApplication            : Started ExampleApplication in 15.468 seconds (JVM running for 18.13)
2021-03-07 05:32:19.483  INFO 16212 --- [http-nio-8080-exec-1] o.a.c.c.C.[Tomcat].[localhost].[/]       : Initializing Spring DispatcherServlet 'dispatcherServlet'
2021-03-07 05:32:20.082  WARN 16212 --- [http-nio-8080-exec-1] o.a.c.util.SessionIdGeneratorBase        : Creation of SecureRandom instance for session ID generation using [SHA1PRNG] took [224] milliseconds.
2021-03-07 05:44:25.438  INFO 19028 --- [main] cb.example.ExampleApplication            : Starting ExampleApplication using Java 14.0.1 on S2ENB390 with PID 19028 (C:\Users\VincenzoMazzotta\git\example\target\classes started by VincenzoMazzotta in C:\Users\VincenzoMazzotta\git\example)
2021-03-07 05:44:25.450  INFO 19028 --- [main] cb.example.ExampleApplication            : No active profile set, falling back to default profiles: default
2021-03-07 05:44:27.550  INFO 19028 --- [main] o.s.b.w.embedded.tomcat.TomcatWebServer  : Tomcat initialized with port(s): 8080 (http)
2021-03-07 05:44:27.562  INFO 19028 --- [main] o.apache.catalina.core.StandardService   : Starting service [Tomcat]
2021-03-07 05:44:27.564  INFO 19028 --- [main] org.apache.catalina.core.StandardEngine  : Starting Servlet engine: [Apache Tomcat/9.0.43]
2021-03-07 05:44:27.686  INFO 19028 --- [main] o.a.c.c.C.[Tomcat].[localhost].[/]       : Initializing Spring embedded WebApplicationContext
2021-03-07 05:44:27.686  INFO 19028 --- [main] w.s.c.ServletWebServerApplicationContext : Root WebApplicationContext: initialization completed in 2081 ms
2021-03-07 05:44:37.441  INFO 19028 --- [main] o.s.s.concurrent.ThreadPoolTaskExecutor  : Initializing ExecutorService 'applicationTaskExecutor'
2021-03-07 05:44:38.308  INFO 19028 --- [main] o.s.s.web.DefaultSecurityFilterChain     : Will secure any request with [org.springframework.security.web.context.request.async.WebAsyncManagerIntegrationFilter@54ccb3, org.springframework.security.web.context.SecurityContextPersistenceFilter@2ce524d2, org.springframework.security.web.header.HeaderWriterFilter@336f49a1, org.springframework.security.web.authentication.logout.LogoutFilter@ca7e37f, org.springframework.security.web.authentication.www.BasicAuthenticationFilter@123307c4, org.springframework.security.web.savedrequest.RequestCacheAwareFilter@3869a6e5, org.springframework.security.web.servletapi.SecurityContextHolderAwareRequestFilter@245cb8df, org.springframework.security.web.authentication.AnonymousAuthenticationFilter@9b2dc56, org.springframework.security.web.session.SessionManagementFilter@6562cc23, org.springframework.security.web.access.ExceptionTranslationFilter@27f71195, org.springframework.security.web.access.intercept.FilterSecurityInterceptor@7b297740]
2021-03-07 05:44:38.412  INFO 19028 --- [main] o.s.b.w.embedded.tomcat.TomcatWebServer  : Tomcat started on port(s): 8080 (http) with context path ''
2021-03-07 05:44:38.436  INFO 19028 --- [main] cb.example.ExampleApplication            : Started ExampleApplication in 14.004 seconds (JVM running for 15.87)
2021-03-07 05:44:44.527  INFO 19028 --- [http-nio-8080-exec-1] o.a.c.c.C.[Tomcat].[localhost].[/]       : Initializing Spring DispatcherServlet 'dispatcherServlet'
2021-03-07 05:50:22.345  INFO 15340 --- [main] cb.example.ExampleApplication            : Starting ExampleApplication using Java 14.0.1 on S2ENB390 with PID 15340 (C:\Users\VincenzoMazzotta\git\example\target\classes started by VincenzoMazzotta in C:\Users\VincenzoMazzotta\git\example)
2021-03-07 05:50:22.350  INFO 15340 --- [main] cb.example.ExampleApplication            : No active profile set, falling back to default profiles: default
2021-03-07 05:50:24.329  INFO 15340 --- [main] o.s.b.w.embedded.tomcat.TomcatWebServer  : Tomcat initialized with port(s): 8080 (http)
2021-03-07 05:50:24.340  INFO 15340 --- [main] o.apache.catalina.core.StandardService   : Starting service [Tomcat]
2021-03-07 05:50:24.341  INFO 15340 --- [main] org.apache.catalina.core.StandardEngine  : Starting Servlet engine: [Apache Tomcat/9.0.43]
2021-03-07 05:50:24.470  INFO 15340 --- [main] o.a.c.c.C.[Tomcat].[localhost].[/]       : Initializing Spring embedded WebApplicationContext
2021-03-07 05:50:24.470  INFO 15340 --- [main] w.s.c.ServletWebServerApplicationContext : Root WebApplicationContext: initialization completed in 1989 ms
2021-03-07 05:50:34.406  INFO 15340 --- [main] o.s.s.concurrent.ThreadPoolTaskExecutor  : Initializing ExecutorService 'applicationTaskExecutor'
2021-03-07 05:50:35.325  INFO 15340 --- [main] o.s.s.web.DefaultSecurityFilterChain     : Will secure any request with [org.springframework.security.web.context.request.async.WebAsyncManagerIntegrationFilter@252ec02e, org.springframework.security.web.context.SecurityContextPersistenceFilter@7c588adc, org.springframework.security.web.header.HeaderWriterFilter@3b088163, org.springframework.security.web.authentication.logout.LogoutFilter@7ccd611e, org.springframework.security.web.authentication.www.BasicAuthenticationFilter@46f73ffa, org.springframework.security.web.savedrequest.RequestCacheAwareFilter@5968800d, org.springframework.security.web.servletapi.SecurityContextHolderAwareRequestFilter@1fb2eec, org.springframework.security.web.authentication.AnonymousAuthenticationFilter@11e9ac24, org.springframework.security.web.session.SessionManagementFilter@16cf8438, org.springframework.security.web.access.ExceptionTranslationFilter@257f30f7, org.springframework.security.web.access.intercept.FilterSecurityInterceptor@d2708a7]
2021-03-07 05:50:35.412  INFO 15340 --- [main] o.s.b.w.embedded.tomcat.TomcatWebServer  : Tomcat started on port(s): 8080 (http) with context path ''
2021-03-07 05:50:35.433  INFO 15340 --- [main] cb.example.ExampleApplication            : Started ExampleApplication in 14.137 seconds (JVM running for 16.028)
2021-03-07 05:50:47.687  INFO 15340 --- [http-nio-8080-exec-2] o.a.c.c.C.[Tomcat].[localhost].[/]       : Initializing Spring DispatcherServlet 'dispatcherServlet'
2021-03-07 06:52:59.662  INFO 18184 --- [main] cb.example.ExampleApplication            : Starting ExampleApplication using Java 14.0.1 on S2ENB390 with PID 18184 (C:\Users\VincenzoMazzotta\git\example\target\classes started by VincenzoMazzotta in C:\Users\VincenzoMazzotta\git\example)
2021-03-07 06:52:59.668  INFO 18184 --- [main] cb.example.ExampleApplication            : No active profile set, falling back to default profiles: default
2021-03-07 06:53:01.692  INFO 18184 --- [main] o.s.b.w.embedded.tomcat.TomcatWebServer  : Tomcat initialized with port(s): 8080 (http)
2021-03-07 06:53:01.714  INFO 18184 --- [main] o.apache.catalina.core.StandardService   : Starting service [Tomcat]
2021-03-07 06:53:01.715  INFO 18184 --- [main] org.apache.catalina.core.StandardEngine  : Starting Servlet engine: [Apache Tomcat/9.0.43]
2021-03-07 06:53:01.832  INFO 18184 --- [main] o.a.c.c.C.[Tomcat].[localhost].[/]       : Initializing Spring embedded WebApplicationContext
2021-03-07 06:53:01.833  INFO 18184 --- [main] w.s.c.ServletWebServerApplicationContext : Root WebApplicationContext: initialization completed in 2020 ms
2021-03-07 06:54:37.191  INFO 18184 --- [main] o.s.s.concurrent.ThreadPoolTaskExecutor  : Initializing ExecutorService 'applicationTaskExecutor'
2021-03-07 06:54:38.285  INFO 18184 --- [main] o.s.s.web.DefaultSecurityFilterChain     : Will secure any request with [org.springframework.security.web.context.request.async.WebAsyncManagerIntegrationFilter@6f15f52a, org.springframework.security.web.context.SecurityContextPersistenceFilter@ad3f70a, org.springframework.security.web.header.HeaderWriterFilter@39449465, org.springframework.security.web.authentication.logout.LogoutFilter@3ca3648, org.springframework.security.web.authentication.www.BasicAuthenticationFilter@49754e74, org.springframework.security.web.savedrequest.RequestCacheAwareFilter@54ccb3, org.springframework.security.web.servletapi.SecurityContextHolderAwareRequestFilter@19fbc594, org.springframework.security.web.authentication.AnonymousAuthenticationFilter@1eb9bf60, org.springframework.security.web.session.SessionManagementFilter@47058864, org.springframework.security.web.access.ExceptionTranslationFilter@1ea930eb, org.springframework.security.web.access.intercept.FilterSecurityInterceptor@6b2aafbc]
2021-03-07 06:54:38.384  INFO 18184 --- [main] o.s.b.w.embedded.tomcat.TomcatWebServer  : Tomcat started on port(s): 8080 (http) with context path ''
2021-03-07 06:54:38.403  INFO 18184 --- [main] cb.example.ExampleApplication            : Started ExampleApplication in 99.879 seconds (JVM running for 101.993)
2021-03-07 06:54:46.340  INFO 18184 --- [http-nio-8080-exec-2] o.a.c.c.C.[Tomcat].[localhost].[/]       : Initializing Spring DispatcherServlet 'dispatcherServlet'
2021-03-07 06:56:08.662  INFO 5004 --- [main] cb.example.ExampleApplication            : Starting ExampleApplication using Java 14.0.1 on S2ENB390 with PID 5004 (C:\Users\VincenzoMazzotta\git\example\target\classes started by VincenzoMazzotta in C:\Users\VincenzoMazzotta\git\example)
2021-03-07 06:56:08.667  INFO 5004 --- [main] cb.example.ExampleApplication            : No active profile set, falling back to default profiles: default
2021-03-07 06:56:10.820  INFO 5004 --- [main] o.s.b.w.embedded.tomcat.TomcatWebServer  : Tomcat initialized with port(s): 8080 (http)
2021-03-07 06:56:10.832  INFO 5004 --- [main] o.apache.catalina.core.StandardService   : Starting service [Tomcat]
2021-03-07 06:56:10.833  INFO 5004 --- [main] org.apache.catalina.core.StandardEngine  : Starting Servlet engine: [Apache Tomcat/9.0.43]
2021-03-07 06:56:10.956  INFO 5004 --- [main] o.a.c.c.C.[Tomcat].[localhost].[/]       : Initializing Spring embedded WebApplicationContext
2021-03-07 06:56:10.956  INFO 5004 --- [main] w.s.c.ServletWebServerApplicationContext : Root WebApplicationContext: initialization completed in 2180 ms
2021-03-07 06:56:19.452  INFO 5004 --- [main] o.s.s.concurrent.ThreadPoolTaskExecutor  : Initializing ExecutorService 'applicationTaskExecutor'
2021-03-07 06:56:20.395  INFO 5004 --- [main] o.s.s.web.DefaultSecurityFilterChain     : Will secure any request with [org.springframework.security.web.context.request.async.WebAsyncManagerIntegrationFilter@76e4212, org.springframework.security.web.context.SecurityContextPersistenceFilter@6af87130, org.springframework.security.web.header.HeaderWriterFilter@7f0766ef, org.springframework.security.web.authentication.logout.LogoutFilter@2ab09943, org.springframework.security.web.authentication.www.BasicAuthenticationFilter@79add732, org.springframework.security.web.savedrequest.RequestCacheAwareFilter@72c4a3aa, org.springframework.security.web.servletapi.SecurityContextHolderAwareRequestFilter@16e1219f, org.springframework.security.web.authentication.AnonymousAuthenticationFilter@23121d14, org.springframework.security.web.session.SessionManagementFilter@289f15e9, org.springframework.security.web.access.ExceptionTranslationFilter@482f7af0, org.springframework.security.web.access.intercept.FilterSecurityInterceptor@19ad75e5]
2021-03-07 06:56:20.501  INFO 5004 --- [main] o.s.b.w.embedded.tomcat.TomcatWebServer  : Tomcat started on port(s): 8080 (http) with context path ''
2021-03-07 06:56:20.514  INFO 5004 --- [main] cb.example.ExampleApplication            : Started ExampleApplication in 12.918 seconds (JVM running for 14.886)
2021-03-07 06:56:25.161  INFO 5004 --- [http-nio-8080-exec-1] o.a.c.c.C.[Tomcat].[localhost].[/]       : Initializing Spring DispatcherServlet 'dispatcherServlet'
2021-03-07 07:39:55.616  INFO 17492 --- [main] cb.example.ExampleApplication            : Starting ExampleApplication using Java 14.0.1 on S2ENB390 with PID 17492 (C:\Users\VincenzoMazzotta\git\example\target\classes started by VincenzoMazzotta in C:\Users\VincenzoMazzotta\git\example)
2021-03-07 07:39:55.623  INFO 17492 --- [main] cb.example.ExampleApplication            : No active profile set, falling back to default profiles: default
2021-03-07 07:39:57.635  INFO 17492 --- [main] o.s.b.w.embedded.tomcat.TomcatWebServer  : Tomcat initialized with port(s): 8080 (http)
2021-03-07 07:39:57.650  INFO 17492 --- [main] o.apache.catalina.core.StandardService   : Starting service [Tomcat]
2021-03-07 07:39:57.651  INFO 17492 --- [main] org.apache.catalina.core.StandardEngine  : Starting Servlet engine: [Apache Tomcat/9.0.43]
2021-03-07 07:39:57.785  INFO 17492 --- [main] o.a.c.c.C.[Tomcat].[localhost].[/]       : Initializing Spring embedded WebApplicationContext
2021-03-07 07:39:57.786  INFO 17492 --- [main] w.s.c.ServletWebServerApplicationContext : Root WebApplicationContext: initialization completed in 2015 ms
2021-03-07 07:39:59.069  INFO 17492 --- [main] o.s.s.concurrent.ThreadPoolTaskExecutor  : Initializing ExecutorService 'applicationTaskExecutor'
2021-03-07 07:40:00.091  INFO 17492 --- [main] o.s.s.web.DefaultSecurityFilterChain     : Will secure any request with [org.springframework.security.web.context.request.async.WebAsyncManagerIntegrationFilter@3c7b137a, org.springframework.security.web.context.SecurityContextPersistenceFilter@7abeabe9, org.springframework.security.web.header.HeaderWriterFilter@6ef2f7ad, org.springframework.security.web.authentication.logout.LogoutFilter@4a216eb4, org.springframework.security.web.authentication.www.BasicAuthenticationFilter@7a65c995, org.springframework.security.web.savedrequest.RequestCacheAwareFilter@1b52699c, org.springframework.security.web.servletapi.SecurityContextHolderAwareRequestFilter@8c43966, org.springframework.security.web.authentication.AnonymousAuthenticationFilter@68631b1d, org.springframework.security.web.session.SessionManagementFilter@251c8145, org.springframework.security.web.access.ExceptionTranslationFilter@72ecbcb3, org.springframework.security.web.access.intercept.FilterSecurityInterceptor@4b9c411]
2021-03-07 07:40:00.164  INFO 17492 --- [main] o.s.b.w.embedded.tomcat.TomcatWebServer  : Tomcat started on port(s): 8080 (http) with context path ''
2021-03-07 07:40:00.175  INFO 17492 --- [main] cb.example.ExampleApplication            : Started ExampleApplication in 5.438 seconds (JVM running for 7.714)
2021-03-07 07:40:14.173  INFO 17492 --- [http-nio-8080-exec-1] o.a.c.c.C.[Tomcat].[localhost].[/]       : Initializing Spring DispatcherServlet 'dispatcherServlet'
2021-03-07 07:40:14.858  INFO 17492 --- [http-nio-8080-exec-1] o.springdoc.api.AbstractOpenApiResource  : Init duration for springdoc-openapi is: 240 ms
2021-03-07 07:45:31.051  INFO 3788 --- [main] cb.example.ExampleApplication            : Starting ExampleApplication using Java 14.0.1 on S2ENB390 with PID 3788 (C:\Users\VincenzoMazzotta\git\example\target\classes started by VincenzoMazzotta in C:\Users\VincenzoMazzotta\git\example)
2021-03-07 07:45:31.062  INFO 3788 --- [main] cb.example.ExampleApplication            : No active profile set, falling back to default profiles: default
2021-03-07 07:45:33.427  INFO 3788 --- [main] o.s.b.w.embedded.tomcat.TomcatWebServer  : Tomcat initialized with port(s): 8080 (http)
2021-03-07 07:45:33.442  INFO 3788 --- [main] o.apache.catalina.core.StandardService   : Starting service [Tomcat]
2021-03-07 07:45:33.444  INFO 3788 --- [main] org.apache.catalina.core.StandardEngine  : Starting Servlet engine: [Apache Tomcat/9.0.43]
2021-03-07 07:45:33.576  INFO 3788 --- [main] o.a.c.c.C.[Tomcat].[localhost].[/]       : Initializing Spring embedded WebApplicationContext
2021-03-07 07:45:33.577  INFO 3788 --- [main] w.s.c.ServletWebServerApplicationContext : Root WebApplicationContext: initialization completed in 2399 ms
2021-03-07 07:45:34.828  INFO 3788 --- [main] o.s.s.concurrent.ThreadPoolTaskExecutor  : Initializing ExecutorService 'applicationTaskExecutor'
2021-03-07 07:45:35.818  INFO 3788 --- [main] o.s.s.web.DefaultSecurityFilterChain     : Will secure any request with [org.springframework.security.web.context.request.async.WebAsyncManagerIntegrationFilter@6806468e, org.springframework.security.web.context.SecurityContextPersistenceFilter@17c0274c, org.springframework.security.web.header.HeaderWriterFilter@79ecc507, org.springframework.security.web.authentication.logout.LogoutFilter@1b37fbec, org.springframework.security.web.authentication.www.BasicAuthenticationFilter@15e8f9b2, org.springframework.security.web.savedrequest.RequestCacheAwareFilter@5a05dd30, org.springframework.security.web.servletapi.SecurityContextHolderAwareRequestFilter@1edccfd4, org.springframework.security.web.authentication.AnonymousAuthenticationFilter@3c7b137a, org.springframework.security.web.session.SessionManagementFilter@448c92fc, org.springframework.security.web.access.ExceptionTranslationFilter@f882465, org.springframework.security.web.access.intercept.FilterSecurityInterceptor@560271a1]
2021-03-07 07:45:35.889  INFO 3788 --- [main] o.s.b.w.embedded.tomcat.TomcatWebServer  : Tomcat started on port(s): 8080 (http) with context path ''
2021-03-07 07:45:35.916  INFO 3788 --- [main] cb.example.ExampleApplication            : Started ExampleApplication in 5.794 seconds (JVM running for 7.321)
2021-03-07 07:45:42.966  INFO 3788 --- [http-nio-8080-exec-1] o.a.c.c.C.[Tomcat].[localhost].[/]       : Initializing Spring DispatcherServlet 'dispatcherServlet'
2021-03-07 07:45:44.224  INFO 3788 --- [http-nio-8080-exec-7] o.springdoc.api.AbstractOpenApiResource  : Init duration for springdoc-openapi is: 232 ms
